<?xml version="1.0" encoding="UTF-8"?>
<!-- Generated by org.testng.reporters.JUnitReportReporter -->
<testsuite skipped="0" hostname="Bhagyashri-PC" name="TestNG.TestNG_annotations" tests="2" failures="0" timestamp="2021-07-16T15:30:46 IST" time="0.020" errors="0">
  <testcase name="tc34" time="0.010" classname="TestNG.TestNG_annotations"/>
  <system-out>
    <![CDATA[verify profile.....]]>
  </system-out>
  <testcase name="tc3" time="0.010" classname="TestNG.TestNG_annotations"/>
  <system-out>
    <![CDATA[tc3.....]]>
  </system-out>
</testsuite> <!-- TestNG.TestNG_annotations -->
