<?xml version="1.0" encoding="UTF-8"?>
<!-- Generated by org.testng.reporters.JUnitReportReporter -->
<testsuite skipped="0" hostname="Bhagyashri-PC" name="TestNG.TestNG_Practice" tests="5" failures="0" timestamp="2021-07-16T15:17:56 IST" time="0.029" errors="0">
  <testcase name="tc5" time="0.003" classname="TestNG.TestNG_Practice"/>
  <system-out>
    <![CDATA[tc5.....]]>
  </system-out>
  <testcase name="tc3" time="0.002" classname="TestNG.TestNG_Practice"/>
  <system-out>
    <![CDATA[tc3.....]]>
  </system-out>
  <testcase name="tc4" time="0.003" classname="TestNG.TestNG_Practice"/>
  <system-out>
    <![CDATA[tc4.....]]>
  </system-out>
  <testcase name="tc2" time="0.003" classname="TestNG.TestNG_Practice"/>
  <system-out>
    <![CDATA[tc2.....]]>
  </system-out>
  <testcase name="tc1" time="0.018" classname="TestNG.TestNG_Practice"/>
  <system-out>
    <![CDATA[tc1.....]]>
  </system-out>
</testsuite> <!-- TestNG.TestNG_Practice -->
